<?xml version="1.0" encoding="UTF-8"?>
<testsuite xmlns:xsi="http://www.w3.org/2001/XMLSchema-instance" xsi:noNamespaceSchemaLocation="https://maven.apache.org/surefire/maven-surefire-plugin/xsd/surefire-test-report.xsd" name="TestSuite" time="16.442" tests="2" errors="0" skipped="0" failures="2">
  <properties>
[...]
</properties>
  <testcase name="main" classname="ToolsQA.DemoMavenEclipseProject.open_firefox" time="9.032">
    <failure message="Reached error page: about:neterror?e=fileNotFound&amp;u=file%3A///signin%3FreturnTo%3D%252F&amp;c=UTF-8&amp;f=regular&amp;d=Firefox%20can%E2%80%99t%20find%20the%20file%20at%20/signin%3FreturnTo%3D/.&#10;Build info: version: &apos;3.14.0&apos;, revision: &apos;aacccce0&apos;, time: &apos;2018-08-02T20:19:58.91Z&apos;&#10;System info: host: &apos;ermao-ThinkPad-T510&apos;, ip: &apos;127.0.1.1&apos;, os.name: &apos;Linux&apos;, os.arch: &apos;amd64&apos;, os.version: &apos;4.15.0-38-generic&apos;, java.version: &apos;10.0.2&apos;&#10;Driver info: org.openqa.selenium.firefox.FirefoxDriver&#10;Capabilities {acceptInsecureCerts: true, browserName: firefox, browserVersion: 63.0, javascriptEnabled: true, moz:accessibilityChecks: false, moz:geckodriverVersion: 0.23.0, moz:headless: false, moz:processID: 4462, moz:profile: /tmp/rust_mozprofile.Bqlduc..., moz:useNonSpecCompliantPointerOrigin: false, moz:webdriverClick: true, pageLoadStrategy: normal, platform: LINUX, platformName: LINUX, platformVersion: 4.15.0-38-generic, rotatable: false, setWindowRect: true, timeouts: {implicit: 0, pageLoad: 300000, script: 30000}, unhandledPromptBehavior: dismiss and notify}&#10;Session ID: 62f0e6ce-d90d-4973-8813-0ecaca79ea53" type="org.openqa.selenium.WebDriverException"><![CDATA[org.openqa.selenium.WebDriverException: 
Reached error page: about:neterror?e=fileNotFound&u=file%3A///signin%3FreturnTo%3D%252F&c=UTF-8&f=regular&d=Firefox%20can%E2%80%99t%20find%20the%20file%20at%20/signin%3FreturnTo%3D/.
Build info: version: '3.14.0', revision: 'aacccce0', time: '2018-08-02T20:19:58.91Z'
System info: host: 'ermao-ThinkPad-T510', ip: '127.0.1.1', os.name: 'Linux', os.arch: 'amd64', os.version: '4.15.0-38-generic', java.version: '10.0.2'
Driver info: org.openqa.selenium.firefox.FirefoxDriver
Capabilities {acceptInsecureCerts: true, browserName: firefox, browserVersion: 63.0, javascriptEnabled: true, moz:accessibilityChecks: false, moz:geckodriverVersion: 0.23.0, moz:headless: false, moz:processID: 4462, moz:profile: /tmp/rust_mozprofile.Bqlduc..., moz:useNonSpecCompliantPointerOrigin: false, moz:webdriverClick: true, pageLoadStrategy: normal, platform: LINUX, platformName: LINUX, platformVersion: 4.15.0-38-generic, rotatable: false, setWindowRect: true, timeouts: {implicit: 0, pageLoad: 300000, script: 30000}, unhandledPromptBehavior: dismiss and notify}
Session ID: 62f0e6ce-d90d-4973-8813-0ecaca79ea53
	at ToolsQA.DemoMavenEclipseProject.open_firefox.main(open_firefox.java:28)
]]></failure>
    <system-err><![CDATA[1540947868070	mozrunner::runner	INFO	Running command: "/usr/lib/firefox/firefox" "-marionette" "-foreground" "-no-remote" "-profile" "/tmp/rust_mozprofile.BqlducyWrtSP"
1540947871879	Marionette	INFO	Listening on port 44783
1540947871901	Marionette	WARN	TLS certificate errors will be ignored for this session
Oct 30, 2018 9:04:32 PM org.openqa.selenium.remote.ProtocolHandshake createSession
INFO: Detected dialect: W3C
JavaScript error: file:///home/ermao/Documents/browserExeFilesFolder/torontopubliclibraryHomePage.html, line 947: ReferenceError: $ is not defined
JavaScript error: file:///home/ermao/Documents/browserExeFilesFolder/torontopubliclibraryHomePage.html, line 1185: ReferenceError: jQuery is not defined
JavaScript error: file:///home/ermao/Documents/browserExeFilesFolder/torontopubliclibraryHomePage.html, line 4178: ReferenceError: $ is not defined
JavaScript error: file:///home/ermao/Documents/browserExeFilesFolder/torontopubliclibraryHomePage.html, line 4374: ReferenceError: TPLGA is not defined
JavaScript error: file:///home/ermao/Documents/browserExeFilesFolder/torontopubliclibraryHomePage.html, line 1: ReferenceError: Common is not defined
]]></system-err>
  </testcase>
  <testcase name="main" classname="ToolsQA.DemoMavenEclipseProject.open_chrome" time="0.001">
    <failure type="java.lang.NullPointerException">java.lang.NullPointerException
	at ToolsQA.DemoMavenEclipseProject.open_chrome.main(open_chrome.java:26)
</failure>
    <system-err><![CDATA[1540947881191	Marionette	INFO	Stopped listening on port 44783
[Parent 4462, Gecko_IOThread] WARNING: pipe error (78): Connection reset by peer: file /build/firefox-4VfQCB/firefox-63.0+build2/ipc/chromium/src/chrome/common/ipc_channel_posix.cc, line 356
[Parent 4462, Gecko_IOThread] WARNING: pipe error (84): Connection reset by peer: file /build/firefox-4VfQCB/firefox-63.0+build2/ipc/chromium/src/chrome/common/ipc_channel_posix.cc, line 356
Starting ChromeDriver 2.43.600233 (523efee95e3d68b8719b3a1c83051aa63aa6b10d) on port 1993
Only local connections are allowed.
Oct 30, 2018 9:04:43 PM org.openqa.selenium.remote.ProtocolHandshake createSession
INFO: Detected dialect: OSS
]]></system-err>
  </testcase>
</testsuite>