<?xml version="1.0" encoding="UTF-8"?>
<!-- Generated by org.testng.reporters.JUnitXMLReporter -->
<testsuite hostname="ermao-ThinkPad-T510" failures="2" tests="2" name="Test One" time="15.765" errors="0" timestamp="31 Oct 2018 01:04:43 GMT">
  <testcase classname="ToolsQA.DemoMavenEclipseProject.open_firefox" name="main" time="9.007">
    <failure type="org.openqa.selenium.WebDriverException" message="Reached error page: about:neterror?e=fileNotFound&amp;amp;u=file%3A///signin%3FreturnTo%3D%252F&amp;amp;c=UTF-8&amp;amp;f=regular&amp;amp;d=Firefox%20can%E2%80%99t%20find%20the%20file%20at%20/signin%3FreturnTo%3D/.
Build info: version: &amp;apos;3.14.0&amp;apos;, revision: &amp;apos;aacccce0&amp;apos;, time: &amp;apos;2018-08-02T20:19:58.91Z&amp;apos;
System info: host: &amp;apos;ermao-ThinkPad-T510&amp;apos;, ip: &amp;apos;127.0.1.1&amp;apos;, os.name: &amp;apos;Linux&amp;apos;, os.arch: &amp;apos;amd64&amp;apos;, os.version: &amp;apos;4.15.0-38-generic&amp;apos;, java.version: &amp;apos;10.0.2&amp;apos;
Driver info: org.openqa.selenium.firefox.FirefoxDriver
Capabilities {acceptInsecureCerts: true, browserName: firefox, browserVersion: 63.0, javascriptEnabled: true, moz:accessibilityChecks: false, moz:geckodriverVersion: 0.23.0, moz:headless: false, moz:processID: 4462, moz:profile: /tmp/rust_mozprofile.Bqlduc..., moz:useNonSpecCompliantPointerOrigin: false, moz:webdriverClick: true, pageLoadStrategy: normal, platform: LINUX, platformName: LINUX, platformVersion: 4.15.0-38-generic, rotatable: false, setWindowRect: true, timeouts: {implicit: 0, pageLoad: 300000, script: 30000}, unhandledPromptBehavior: dismiss and notify}
Session ID: 62f0e6ce-d90d-4973-8813-0ecaca79ea53">
      <![CDATA[org.openqa.selenium.WebDriverException: Reached error page: about:neterror?e=fileNotFound&u=file%3A///signin%3FreturnTo%3D%252F&c=UTF-8&f=regular&d=Firefox%20can%E2%80%99t%20find%20the%20file%20at%20/signin%3FreturnTo%3D/.
Build info: version: '3.14.0', revision: 'aacccce0', time: '2018-08-02T20:19:58.91Z'
System info: host: 'ermao-ThinkPad-T510', ip: '127.0.1.1', os.name: 'Linux', os.arch: 'amd64', os.version: '4.15.0-38-generic', java.version: '10.0.2'
Driver info: org.openqa.selenium.firefox.FirefoxDriver
Capabilities {acceptInsecureCerts: true, browserName: firefox, browserVersion: 63.0, javascriptEnabled: true, moz:accessibilityChecks: false, moz:geckodriverVersion: 0.23.0, moz:headless: false, moz:processID: 4462, moz:profile: /tmp/rust_mozprofile.Bqlduc..., moz:useNonSpecCompliantPointerOrigin: false, moz:webdriverClick: true, pageLoadStrategy: normal, platform: LINUX, platformName: LINUX, platformVersion: 4.15.0-38-generic, rotatable: false, setWindowRect: true, timeouts: {implicit: 0, pageLoad: 300000, script: 30000}, unhandledPromptBehavior: dismiss and notify}
Session ID: 62f0e6ce-d90d-4973-8813-0ecaca79ea53
	at org.openqa.selenium.remote.http.W3CHttpResponseCodec.createException(W3CHttpResponseCodec.java:187)
	at org.openqa.selenium.remote.http.W3CHttpResponseCodec.decode(W3CHttpResponseCodec.java:122)
	at org.openqa.selenium.remote.http.W3CHttpResponseCodec.decode(W3CHttpResponseCodec.java:49)
	at org.openqa.selenium.remote.HttpCommandExecutor.execute(HttpCommandExecutor.java:158)
	at org.openqa.selenium.remote.service.DriverCommandExecutor.execute(DriverCommandExecutor.java:83)
	at org.openqa.selenium.remote.RemoteWebDriver.execute(RemoteWebDriver.java:548)
	at org.openqa.selenium.remote.RemoteWebElement.execute(RemoteWebElement.java:276)
	at org.openqa.selenium.remote.RemoteWebElement.click(RemoteWebElement.java:83)
	at ToolsQA.DemoMavenEclipseProject.open_firefox.main(open_firefox.java:28)
... Removed 32 stack frames]]>
    </failure>
  </testcase> <!-- main -->
  <testcase classname="ToolsQA.DemoMavenEclipseProject.open_chrome" name="main" time="0.0">
    <failure type="java.lang.NullPointerException">
      <![CDATA[java.lang.NullPointerException
	at ToolsQA.DemoMavenEclipseProject.open_chrome.main(open_chrome.java:26)
... Removed 28 stack frames]]>
    </failure>
  </testcase> <!-- main -->
</testsuite> <!-- Test One -->
